::1 - - [11/Mar/2025:10:01:29 +0000] "POST /api/v1/users/register HTTP/1.1" 200 67 "-" "PostmanRuntime/7.43.0"
::1 - - [12/Mar/2025:05:48:37 +0000] "POST /api/v1/users/register HTTP/1.1" 200 67 "-" "PostmanRuntime/7.43.0"
::1 - - [12/Mar/2025:10:12:17 +0000] "GET /api/v1/users/register HTTP/1.1" 404 160 "-" "PostmanRuntime/7.43.0"
::1 - - [12/Mar/2025:10:12:47 +0000] "GET /api/v1/users/register HTTP/1.1" 404 160 "-" "PostmanRuntime/7.43.0"
::1 - - [12/Mar/2025:10:13:00 +0000] "POST /api/v1/users/register HTTP/1.1" 200 67 "-" "PostmanRuntime/7.43.0"
::1 - - [12/Mar/2025:10:20:22 +0000] "GET / HTTP/1.1" 304 - "-" "Mozilla/5.0 (Windows NT 10.0; Win64; x64) AppleWebKit/537.36 (KHTML, like Gecko) Chrome/134.0.0.0 Safari/537.36"
::1 - - [12/Mar/2025:10:20:22 +0000] "GET /favicon.ico HTTP/1.1" 404 150 "http://localhost:5000/" "Mozilla/5.0 (Windows NT 10.0; Win64; x64) AppleWebKit/537.36 (KHTML, like Gecko) Chrome/134.0.0.0 Safari/537.36"
::1 - - [12/Mar/2025:11:36:01 +0000] "POST /api/v1/users/register HTTP/1.1" 200 67 "-" "PostmanRuntime/7.43.0"
::1 - - [12/Mar/2025:14:59:55 +0000] "POST /api/v1/users/register HTTP/1.1" 200 67 "-" "PostmanRuntime/7.43.0"
::1 - - [12/Mar/2025:15:08:19 +0000] "POST /api/v1/users/register HTTP/1.1" 200 85 "-" "PostmanRuntime/7.43.0"
::1 - - [12/Mar/2025:15:10:27 +0000] "POST /api/v1/users/register HTTP/1.1" 200 85 "-" "PostmanRuntime/7.43.0"
::1 - - [12/Mar/2025:15:12:30 +0000] "POST /api/v1/users/register HTTP/1.1" 200 85 "-" "PostmanRuntime/7.43.0"
::1 - - [12/Mar/2025:15:13:03 +0000] "POST /api/v1/users/register HTTP/1.1" 500 139 "-" "PostmanRuntime/7.43.0"
::1 - - [12/Mar/2025:15:13:45 +0000] "POST /api/v1/users/register HTTP/1.1" 200 85 "-" "PostmanRuntime/7.43.0"
::1 - - [12/Mar/2025:15:22:10 +0000] "GET / HTTP/1.1" 404 139 "-" "Mozilla/5.0 (Windows NT 10.0; Win64; x64) AppleWebKit/537.36 (KHTML, like Gecko) Chrome/134.0.0.0 Safari/537.36"
::1 - - [12/Mar/2025:16:14:12 +0000] "POST /api/v1/users/register HTTP/1.1" 500 49 "-" "PostmanRuntime/7.43.0"
::1 - - [12/Mar/2025:16:14:52 +0000] "POST /api/v1/users/register HTTP/1.1" 200 85 "-" "PostmanRuntime/7.43.0"
::1 - - [12/Mar/2025:16:17:50 +0000] "POST /api/v1/users/register HTTP/1.1" 200 85 "-" "PostmanRuntime/7.43.0"
::1 - - [13/Mar/2025:03:57:54 +0000] "POST /api/v1/users/register HTTP/1.1" 500 139 "-" "PostmanRuntime/7.43.0"
::1 - - [13/Mar/2025:03:58:11 +0000] "POST /api/v1/users/register HTTP/1.1" 200 85 "-" "PostmanRuntime/7.43.0"
::1 - - [13/Mar/2025:04:13:44 +0000] "POST /api/v1/users/register HTTP/1.1" 200 434 "-" "PostmanRuntime/7.43.0"
::1 - - [13/Mar/2025:04:28:33 +0000] "POST /api/v1/users/login HTTP/1.1" 500 55 "-" "PostmanRuntime/7.43.0"
::1 - - [13/Mar/2025:04:29:22 +0000] "POST /api/v1/users/login HTTP/1.1" 200 434 "-" "PostmanRuntime/7.43.0"
::1 - - [13/Mar/2025:04:30:10 +0000] "POST /api/v1/users/login HTTP/1.1" 401 94 "-" "PostmanRuntime/7.43.0"
::1 - - [13/Mar/2025:04:51:12 +0000] "POST /api/v1/users/login HTTP/1.1" 200 434 "-" "PostmanRuntime/7.43.0"
::1 - - [13/Mar/2025:04:52:01 +0000] "POST /api/v1/users/register HTTP/1.1" 200 436 "-" "PostmanRuntime/7.43.0"
::1 - - [13/Mar/2025:06:03:07 +0000] "POST /api/v1/users/forgot-password HTTP/1.1" 500 52 "-" "PostmanRuntime/7.43.0"
::1 - - [13/Mar/2025:06:25:53 +0000] "POST /api/v1/users/forgot-password HTTP/1.1" 200 540 "-" "PostmanRuntime/7.43.0"
::1 - - [13/Mar/2025:06:50:37 +0000] "POST /api/v1/users/reset-password HTTP/1.1" 404 167 "-" "PostmanRuntime/7.43.0"
::1 - - [13/Mar/2025:06:51:03 +0000] "POST /api/v1/users/reset-password HTTP/1.1" 404 167 "-" "PostmanRuntime/7.43.0"
::1 - - [13/Mar/2025:06:52:06 +0000] "POST /api/v1/users/forgot-password HTTP/1.1" 200 72 "-" "PostmanRuntime/7.43.0"
::1 - - [13/Mar/2025:06:52:14 +0000] "POST /api/v1/users/reset-password HTTP/1.1" 404 167 "-" "PostmanRuntime/7.43.0"
